# JRE version: OpenJDK Runtime Environment (8.0_212-b04) (build 1.8.0_212-release-1586-b04)
# Java VM: OpenJDK 64-Bit Server VM (25.212-b04 mixed mode windows-amd64 compressed oops)
Heap:
 PSYoungGen      total 349696K, used 130596K [0x00000000e0000000, 0x0000000100000000, 0x0000000100000000)
  eden space 175104K, 0% used [0x00000000e0000000,0x00000000e0000000,0x00000000eab00000)
  from space 174592K, 74% used [0x00000000eab00000,0x00000000f2a89080,0x00000000f5580000)
  to   space 174592K, 0% used [0x00000000f5580000,0x00000000f5580000,0x0000000100000000)
 ParOldGen       total 347136K, used 270852K [0x00000000a0000000, 0x00000000b5300000, 0x00000000e0000000)
  object space 347136K, 78% used [0x00000000a0000000,0x00000000b0881080,0x00000000b5300000)
 Metaspace       used 264886K, capacity 273428K, committed 273600K, reserved 1290240K
  class space    used 32008K, capacity 33815K, committed 33880K, reserved 1048576K
GC Heap History (10 events):
Event: 24245.697 GC heap after
Heap after GC invocations=50 (full 5):
 PSYoungGen      total 349696K, used 159878K [0x00000000e0000000, 0x0000000100000000, 0x0000000100000000)
  eden space 175104K, 0% used [0x00000000e0000000,0x00000000e0000000,0x00000000eab00000)
  from space 174592K, 91% used [0x00000000eab00000,0x00000000f4721880,0x00000000f5580000)
  to   space 174592K, 0% used [0x00000000f5580000,0x00000000f5580000,0x0000000100000000)
 ParOldGen       total 347136K, used 174380K [0x00000000a0000000, 0x00000000b5300000, 0x00000000e0000000)
  object space 347136K, 50% used [0x00000000a0000000,0x00000000aaa4b188,0x00000000b5300000)
 Metaspace       used 240612K, capacity 249050K, committed 249280K, reserved 1267712K
  class space    used 29142K, capacity 30908K, committed 30936K, reserved 1048576K
}
Event: 24250.503 GC heap before
{Heap before GC invocations=51 (full 5):
 PSYoungGen      total 349696K, used 334982K [0x00000000e0000000, 0x0000000100000000, 0x0000000100000000)
  eden space 175104K, 100% used [0x00000000e0000000,0x00000000eab00000,0x00000000eab00000)
  from space 174592K, 91% used [0x00000000eab00000,0x00000000f4721880,0x00000000f5580000)
  to   space 174592K, 0% used [0x00000000f5580000,0x00000000f5580000,0x0000000100000000)
 ParOldGen       total 347136K, used 174380K [0x00000000a0000000, 0x00000000b5300000, 0x00000000e0000000)
  object space 347136K, 50% used [0x00000000a0000000,0x00000000aaa4b188,0x00000000b5300000)
 Metaspace       used 249548K, capacity 258092K, committed 258368K, reserved 1275904K
  class space    used 30221K, capacity 32005K, committed 32088K, reserved 1048576K
Event: 24250.756 GC heap after
Heap after GC invocations=51 (full 5):
 PSYoungGen      total 349696K, used 174571K [0x00000000e0000000, 0x0000000100000000, 0x0000000100000000)
  eden space 175104K, 0% used [0x00000000e0000000,0x00000000e0000000,0x00000000eab00000)
  from space 174592K, 99% used [0x00000000f5580000,0x00000000ffffaea8,0x0000000100000000)
  to   space 174592K, 0% used [0x00000000eab00000,0x00000000eab00000,0x00000000f5580000)
 ParOldGen       total 347136K, used 181643K [0x00000000a0000000, 0x00000000b5300000, 0x00000000e0000000)
  object space 347136K, 52% used [0x00000000a0000000,0x00000000ab162dd8,0x00000000b5300000)
 Metaspace       used 249548K, capacity 258092K, committed 258368K, reserved 1275904K
  class space    used 30221K, capacity 32005K, committed 32088K, reserved 1048576K
}
Event: 24294.339 GC heap before
{Heap before GC invocations=52 (full 5):
 PSYoungGen      total 349696K, used 349675K [0x00000000e0000000, 0x0000000100000000, 0x0000000100000000)
  eden space 175104K, 100% used [0x00000000e0000000,0x00000000eab00000,0x00000000eab00000)
  from space 174592K, 99% used [0x00000000f5580000,0x00000000ffffaea8,0x0000000100000000)
  to   space 174592K, 0% used [0x00000000eab00000,0x00000000eab00000,0x00000000f5580000)
 ParOldGen       total 347136K, used 181643K [0x00000000a0000000, 0x00000000b5300000, 0x00000000e0000000)
  object space 347136K, 52% used [0x00000000a0000000,0x00000000ab162dd8,0x00000000b5300000)
 Metaspace       used 249780K, capacity 258338K, committed 258624K, reserved 1275904K
  class space    used 30239K, capacity 32046K, committed 32088K, reserved 1048576K
Event: 24294.548 GC heap after
Heap after GC invocations=52 (full 5):
 PSYoungGen      total 349696K, used 164921K [0x00000000e0000000, 0x0000000100000000, 0x0000000100000000)
  eden space 175104K, 0% used [0x00000000e0000000,0x00000000e0000000,0x00000000eab00000)
  from space 174592K, 94% used [0x00000000eab00000,0x00000000f4c0e438,0x00000000f5580000)
  to   space 174592K, 0% used [0x00000000f5580000,0x00000000f5580000,0x0000000100000000)
 ParOldGen       total 347136K, used 198475K [0x00000000a0000000, 0x00000000b5300000, 0x00000000e0000000)
  object space 347136K, 57% used [0x00000000a0000000,0x00000000ac1d2c50,0x00000000b5300000)
 Metaspace       used 249780K, capacity 258338K, committed 258624K, reserved 1275904K
  class space    used 30239K, capacity 32046K, committed 32088K, reserved 1048576K
}
Event: 24299.314 GC heap before
{Heap before GC invocations=53 (full 5):
 PSYoungGen      total 349696K, used 340025K [0x00000000e0000000, 0x0000000100000000, 0x0000000100000000)
  eden space 175104K, 100% used [0x00000000e0000000,0x00000000eab00000,0x00000000eab00000)
  from space 174592K, 94% used [0x00000000eab00000,0x00000000f4c0e438,0x00000000f5580000)
  to   space 174592K, 0% used [0x00000000f5580000,0x00000000f5580000,0x0000000100000000)
 ParOldGen       total 347136K, used 198475K [0x00000000a0000000, 0x00000000b5300000, 0x00000000e0000000)
  object space 347136K, 57% used [0x00000000a0000000,0x00000000ac1d2c50,0x00000000b5300000)
 Metaspace       used 258566K, capacity 267080K, committed 267328K, reserved 1284096K
  class space    used 31303K, capacity 33103K, committed 33112K, reserved 1048576K
Event: 24299.550 GC heap after
Heap after GC invocations=53 (full 5):
 PSYoungGen      total 349696K, used 162397K [0x00000000e0000000, 0x0000000100000000, 0x0000000100000000)
  eden space 175104K, 0% used [0x00000000e0000000,0x00000000e0000000,0x00000000eab00000)
  from space 174592K, 93% used [0x00000000f5580000,0x00000000ff417780,0x0000000100000000)
  to   space 174592K, 0% used [0x00000000eab00000,0x00000000eab00000,0x00000000f5580000)
 ParOldGen       total 347136K, used 234911K [0x00000000a0000000, 0x00000000b5300000, 0x00000000e0000000)
  object space 347136K, 67% used [0x00000000a0000000,0x00000000ae567f78,0x00000000b5300000)
 Metaspace       used 258566K, capacity 267080K, committed 267328K, reserved 1284096K
  class space    used 31303K, capacity 33103K, committed 33112K, reserved 1048576K
}
Event: 24456.088 GC heap before
{Heap before GC invocations=54 (full 5):
 PSYoungGen      total 349696K, used 322079K [0x00000000e0000000, 0x0000000100000000, 0x0000000100000000)
  eden space 175104K, 91% used [0x00000000e0000000,0x00000000e9bf07d8,0x00000000eab00000)
  from space 174592K, 93% used [0x00000000f5580000,0x00000000ff417780,0x0000000100000000)
  to   space 174592K, 0% used [0x00000000eab00000,0x00000000eab00000,0x00000000f5580000)
 ParOldGen       total 347136K, used 234911K [0x00000000a0000000, 0x00000000b5300000, 0x00000000e0000000)
  object space 347136K, 67% used [0x00000000a0000000,0x00000000ae567f78,0x00000000b5300000)
 Metaspace       used 264886K, capacity 273428K, committed 273600K, reserved 1290240K
  class space    used 32008K, capacity 33815K, committed 33880K, reserved 1048576K
Event: 24456.340 GC heap after
Heap after GC invocations=54 (full 5):
 PSYoungGen      total 349696K, used 130596K [0x00000000e0000000, 0x0000000100000000, 0x0000000100000000)
  eden space 175104K, 0% used [0x00000000e0000000,0x00000000e0000000,0x00000000eab00000)
  from space 174592K, 74% used [0x00000000eab00000,0x00000000f2a89080,0x00000000f5580000)
  to   space 174592K, 0% used [0x00000000f5580000,0x00000000f5580000,0x0000000100000000)
 ParOldGen       total 347136K, used 270852K [0x00000000a0000000, 0x00000000b5300000, 0x00000000e0000000)
  object space 347136K, 78% used [0x00000000a0000000,0x00000000b0881080,0x00000000b5300000)
 Metaspace       used 264886K, capacity 273428K, committed 273600K, reserved 1290240K
  class space    used 32008K, capacity 33815K, committed 33880K, reserved 1048576K
}
Event: 24456.340 GC heap before
{Heap before GC invocations=55 (full 6):
 PSYoungGen      total 349696K, used 130596K [0x00000000e0000000, 0x0000000100000000, 0x0000000100000000)
  eden space 175104K, 0% used [0x00000000e0000000,0x00000000e0000000,0x00000000eab00000)
  from space 174592K, 74% used [0x00000000eab00000,0x00000000f2a89080,0x00000000f5580000)
  to   space 174592K, 0% used [0x00000000f5580000,0x00000000f5580000,0x0000000100000000)
 ParOldGen       total 347136K, used 270852K [0x00000000a0000000, 0x00000000b5300000, 0x00000000e0000000)
  object space 347136K, 78% used [0x00000000a0000000,0x00000000b0881080,0x00000000b5300000)
 Metaspace       used 264886K, capacity 273428K, committed 273600K, reserved 1290240K
  class space    used 32008K, capacity 33815K, committed 33880K, reserved 1048576K

